<?xml version="1.0" encoding="utf-8"?><testsuites name="pytest tests"><testsuite name="pytest" errors="0" failures="3" skipped="0" tests="26" time="6.158" timestamp="2026-09-21T12:03:14.988826+00:00" hostname="agent-env-cd5e8045-0042-4b66-ab01-99dc0b14e10b"><testcase classname="tests.test_new_features.TestRegistration" name="test_register_valid" time="0.780"><failure message="AssertionError: assert 'test_reg_42f...1e@test.local' == 'TEST_reg_42f...1e@test.local'&#10;  &#10;  - TEST_reg_42f59e4e1e@test.local&#10;  ? ^^^^&#10;  + test_reg_42f59e4e1e@test.local&#10;  ? ^^^^">backend/tests/test_new_features.py:54: in test_register_valid
    assert new_user["user"]["email"] == new_user["email"]
E   AssertionError: assert 'test_reg_42f...1e@test.local' == 'TEST_reg_42f...1e@test.local'
E     
E     - TEST_reg_42f59e4e1e@test.local
E     ? ^^^^
E     + test_reg_42f59e4e1e@test.local
E     ? ^^^^</failure></testcase><testcase classname="tests.test_new_features.TestRegistration" name="test_register_duplicate_email" time="0.125" /><testcase classname="tests.test_new_features.TestAgent" name="test_agent_script_linux" time="0.938" /><testcase classname="tests.test_new_features.TestRegistration" name="test_register_invalid_cpf" time="0.086" /><testcase classname="tests.test_new_features.TestAgent" name="test_agent_script_windows" time="0.081" /><testcase classname="tests.test_new_features.TestRegistration" name="test_register_weak_password" time="0.079" /><testcase classname="tests.test_new_features.TestAgent" name="test_metrics_invalid_key" time="0.103" /><testcase classname="tests.test_new_features.TestBilling" name="test_invalid_plan" time="0.134" /><testcase classname="tests.test_new_features.TestAgent" name="test_metrics_missing_key" time="0.169" /><testcase classname="tests.test_new_features.TestBilling" name="test_monthly_checkout" time="1.613" /><testcase classname="tests.test_new_features.TestAgent" name="test_metrics_valid_updates_server" time="0.427" /><testcase classname="tests.test_new_features.TestAdminSubscribers" name="test_list_requires_admin" time="0.552"><failure message="assert 402 == 403&#10; +  where 402 = &lt;Response [402]&gt;.status_code">backend/tests/test_new_features.py:172: in test_list_requires_admin
    assert r.status_code == 403
E   assert 402 == 403
E    +  where 402 = &lt;Response [402]&gt;.status_code</failure></testcase><testcase classname="tests.test_new_features.TestAdminSubscribers" name="test_list_admin_ok" time="0.065"><failure message="AssertionError: assert 'TEST_reg_9e88495360@test.local' in ['inforjesse@gmail.com', 'teste@exemplo.com', 'test_reg_42f59e4e1e@test.local', 'test_reg_9e88495360@test.local']">backend/tests/test_new_features.py:180: in test_list_admin_ok
    assert new_user["email"] in emails
E   AssertionError: assert 'TEST_reg_9e88495360@test.local' in ['inforjesse@gmail.com', 'teste@exemplo.com', 'test_reg_42f59e4e1e@test.local', 'test_reg_9e88495360@test.local']</failure></testcase><testcase classname="tests.test_new_features.TestAdminSubscribers" name="test_block_and_unblock" time="0.703" /><testcase classname="tests.test_new_features.TestBilling" name="test_lifetime_checkout" time="0.858" /><testcase classname="tests.test_new_features.TestSettings" name="test_get_settings_admin" time="0.158" /><testcase classname="tests.test_new_features.TestSettings" name="test_put_settings_admin_ok" time="0.129" /><testcase classname="tests.test_new_features.TestSettings" name="test_put_settings_non_admin_forbidden" time="0.435" /><testcase classname="tests.test_new_features.TestBilling" name="test_billing_me" time="0.687" /><testcase classname="tests.test_new_features.TestSingleDeviceSession" name="test_subscriber_previous_token_invalidated" time="0.792" /><testcase classname="tests.test_new_features.TestAccessGating" name="test_new_user_me_has_no_access" time="0.148" /><testcase classname="tests.test_new_features.TestAccessGating" name="test_new_user_cannot_list_clients" time="0.097" /><testcase classname="tests.test_new_features.TestSingleDeviceSession" name="test_admin_multiple_sessions_allowed" time="1.039" /><testcase classname="tests.test_new_features.TestClientCity" name="test_client_with_city" time="0.850" /><testcase classname="tests.test_new_features.TestMaintenancesList" name="test_list_all_maintenances" time="0.093" /><testcase classname="tests.test_new_features.TestContract" name="test_accept_contract" time="0.182" /></testsuite></testsuites>