<?xml version="1.0" encoding="utf-8"?><testsuites name="pytest tests"><testsuite name="pytest" errors="0" failures="0" skipped="0" tests="12" time="3.536" timestamp="2026-09-18T21:01:21.107444+00:00" hostname="agent-env-cd5e8045-0042-4b66-ab01-99dc0b14e10b"><testcase classname="tests.backend_test.TestAuth" name="test_login_valid" time="0.686" /><testcase classname="tests.backend_test.TestClients" name="test_client_crud" time="1.302" /><testcase classname="tests.backend_test.TestAuth" name="test_login_invalid" time="0.270" /><testcase classname="tests.backend_test.TestAuth" name="test_me" time="0.362" /><testcase classname="tests.backend_test.TestQuotes" name="test_quote_crud_and_status" time="0.239" /><testcase classname="tests.backend_test.TestAuth" name="test_me_no_auth" time="0.065" /><testcase classname="tests.backend_test.TestRacks" name="test_rack_crud" time="0.286" /><testcase classname="tests.backend_test.TestTopologies" name="test_topology_crud" time="0.208" /><testcase classname="tests.backend_test.TestFloorplans" name="test_floorplan_crud_with_rooms" time="0.311" /><testcase classname="tests.backend_test.TestDevicesAndMaintenances" name="test_full_device_flow" time="0.984" /><testcase classname="tests.backend_test.TestServers" name="test_server_flow" time="1.156" /><testcase classname="tests.backend_test.TestDashboard" name="test_dashboard_keys" time="0.060" /></testsuite></testsuites>